<?xml version="1.0" encoding="UTF-8"?>

<mule xmlns:xsi="http://www.w3.org/2001/XMLSchema-instance"
	xmlns:munit="http://www.mulesoft.org/schema/mule/munit" xmlns:munit-tools="http://www.mulesoft.org/schema/mule/munit-tools"
	xmlns="http://www.mulesoft.org/schema/mule/core" xmlns:doc="http://www.mulesoft.org/schema/mule/documentation"
	xsi:schemaLocation="
		http://www.mulesoft.org/schema/mule/core http://www.mulesoft.org/schema/mule/core/current/mule.xsd
		http://www.mulesoft.org/schema/mule/munit http://www.mulesoft.org/schema/mule/munit/current/mule-munit.xsd
		http://www.mulesoft.org/schema/mule/munit-tools  http://www.mulesoft.org/schema/mule/munit-tools/current/mule-munit-tools.xsd">
	<munit:config name="test-munit-prj-test-suite.xml" />
	<munit:test name="test-munit-prj-test-suite-test-munit-prjFlowTest" doc:id="ec17ce88-1eab-4960-a9ff-58d21533a146" description="Test">
		<munit:execution >
			<flow-ref doc:name="Flow-ref to test-munit-prjFlow" doc:id="612a49f5-14b7-450b-9bd8-f2a9b2605618" name="test-munit-prjFlow"/>
		</munit:execution>
		<munit:validation >
			<munit-tools:assert-that doc:name="Assert that" doc:id="148c6c73-8d69-41fd-981d-dfec91d95474" expression="#[payload]" is="#[MunitTools::notNullValue()]" message="The Status is Null"/>
		</munit:validation>
	</munit:test>

</mule>
